[debug] [2025-04-29T04:19:05.971Z] ----------------------------------------------------------------------
[debug] [2025-04-29T04:19:05.976Z] Command:       C:\Program Files\nodejs\node.exe C:\Users\Jacob\AppData\Roaming\npm\node_modules\firebase-tools\lib\bin\firebase.js init hosting
[debug] [2025-04-29T04:19:05.977Z] CLI Version:   14.2.1
[debug] [2025-04-29T04:19:05.977Z] Platform:      win32
[debug] [2025-04-29T04:19:05.977Z] Node Version:  v22.15.0
[debug] [2025-04-29T04:19:05.978Z] Time:          Mon Apr 28 2025 22:19:05 GMT-0600 (Mountain Daylight Time)
[debug] [2025-04-29T04:19:05.978Z] ----------------------------------------------------------------------
[debug] 
[debug] [2025-04-29T04:19:05.988Z] > command requires scopes: ["email","openid","https://www.googleapis.com/auth/cloudplatformprojects.readonly","https://www.googleapis.com/auth/firebase","https://www.googleapis.com/auth/cloud-platform"]
[debug] [2025-04-29T04:19:05.989Z] > authorizing via signed-in user (contact.jgpark@gmail.com)
[info] 
     ######## #### ########  ######## ########     ###     ######  ########
     ##        ##  ##     ## ##       ##     ##  ##   ##  ##       ##
     ######    ##  ########  ######   ########  #########  ######  ######
     ##        ##  ##    ##  ##       ##     ## ##     ##       ## ##
     ##       #### ##     ## ######## ########  ##     ##  ######  ########

You're about to initialize a Firebase project in this directory:

  C:\Users\Jacob\Desktop\Toothcraft

[info] 
=== Project Setup
[info] 
[info] First, let's associate this project directory with a Firebase project.
[info] You can create multiple project aliases by running firebase use --add, 
[info] but for now we'll just set up a default project.
[info] 
[debug] [2025-04-29T04:19:32.461Z] Checked if tokens are valid: true, expires at: 1745903931887
[debug] [2025-04-29T04:19:32.461Z] Checked if tokens are valid: true, expires at: 1745903931887
[debug] [2025-04-29T04:19:32.463Z] >>> [apiv2][query] GET https://firebase.googleapis.com/v1beta1/projects pageSize=100
[debug] [2025-04-29T04:19:33.025Z] <<< [apiv2][status] GET https://firebase.googleapis.com/v1beta1/projects 200
[debug] [2025-04-29T04:19:33.025Z] <<< [apiv2][body] GET https://firebase.googleapis.com/v1beta1/projects [omitted]
[info] i  Using project toothcraft-6d7b3 (Toothcraft) 
[info] 
=== Hosting Setup
[debug] [2025-04-29T04:19:35.578Z] Checked if tokens are valid: true, expires at: 1745903931887
[debug] [2025-04-29T04:19:35.578Z] Checked if tokens are valid: true, expires at: 1745903931887
[debug] [2025-04-29T04:19:35.578Z] >>> [apiv2][query] GET https://firebase.googleapis.com/v1beta1/projects/toothcraft-6d7b3 [none]
[debug] [2025-04-29T04:19:35.929Z] <<< [apiv2][status] GET https://firebase.googleapis.com/v1beta1/projects/toothcraft-6d7b3 200
[debug] [2025-04-29T04:19:35.929Z] <<< [apiv2][body] GET https://firebase.googleapis.com/v1beta1/projects/toothcraft-6d7b3 {"projectId":"toothcraft-6d7b3","projectNumber":"541290365771","displayName":"Toothcraft","name":"projects/toothcraft-6d7b3","resources":{"hostingSite":"toothcraft-6d7b3"},"state":"ACTIVE","etag":"1_f47f910b-d978-49fa-9970-1f3cc6549fee"}
[info] 
[info] Your public directory is the folder (relative to your project directory) that
[info] will contain Hosting assets to be uploaded with firebase deploy. If you
[info] have a build process for your assets, use your build's output directory.
[info] 
[debug] [2025-04-29T04:22:30.484Z] >>> [apiv2][query] GET https://www.gstatic.com/firebasejs/releases.json [none]
[debug] [2025-04-29T04:22:30.625Z] <<< [apiv2][status] GET https://www.gstatic.com/firebasejs/releases.json 200
[debug] [2025-04-29T04:22:30.625Z] <<< [apiv2][body] GET https://www.gstatic.com/firebasejs/releases.json {"current":{"version":"11.6.1","browserURL":"https://www.gstatic.com/firebasejs/11.6.1/firebase.js","packageURL":"https://www.gstatic.com/firebasejs/11.6.1/firebase.tgz"},"live":{"version":"11.6","browserURL":"https://www.gstatic.com/firebasejs/live/11.6/firebase.js","packageURL":"https://www.gstatic.com/firebasejs/live/11.6/firebase.tgz"},"components":{"analytics":"https://www.gstatic.com/firebasejs/11.6.1/firebase-analytics.js","app":"https://www.gstatic.com/firebasejs/11.6.1/firebase-app.js","app-check":"https://www.gstatic.com/firebasejs/11.6.1/firebase-app-check.js","auth":"https://www.gstatic.com/firebasejs/11.6.1/firebase-auth.js","auth/cordova":"https://www.gstatic.com/firebasejs/11.6.1/firebase-auth/cordova.js","auth/web-extension":"https://www.gstatic.com/firebasejs/11.6.1/firebase-auth/web-extension.js","functions":"https://www.gstatic.com/firebasejs/11.6.1/firebase-functions.js","firestore":"https://www.gstatic.com/firebasejs/11.6.1/firebase-firestore.js","firestore/lite":"https://www.gstatic.com/firebasejs/11.6.1/firebase-firestore/lite.js","installations":"https://www.gstatic.com/firebasejs/11.6.1/firebase-installations.js","storage":"https://www.gstatic.com/firebasejs/11.6.1/firebase-storage.js","performance":"https://www.gstatic.com/firebasejs/11.6.1/firebase-performance.js","remote-config":"https://www.gstatic.com/firebasejs/11.6.1/firebase-remote-config.js","messaging":"https://www.gstatic.com/firebasejs/11.6.1/firebase-messaging.js","messaging/sw":"https://www.gstatic.com/firebasejs/11.6.1/firebase-messaging/sw.js","database":"https://www.gstatic.com/firebasejs/11.6.1/firebase-database.js","vertexai":"https://www.gstatic.com/firebasejs/11.6.1/firebase-vertexai.js","data-connect":"https://www.gstatic.com/firebasejs/11.6.1/firebase-data-connect.js","firestore.memory":"https://www.gstatic.com/firebasejs/11.6.1/firebase-firestore.memory.js"}}
[info] +  Wrote build/index.html 
[info] 
[info] i  Didn't detect a .git folder. Assuming C:\Users\Jacob\Desktop\Toothcraft is the project root. 
[info] i  Authorizing with GitHub to upload your service account to a GitHub repository's secrets store. 
[info] 
[info] Visit this URL on this device to log in:
[info] https://github.com/login/oauth/authorize?client_id=89cf50f02ac6aaed3484&state=844304209&redirect_uri=http%3A%2F%2Flocalhost%3A9005&scope=read%3Auser%20repo%20public_repo
[info] 
[info] Waiting for authentication...
[debug] [2025-04-29T04:22:40.613Z] >>> [apiv2][query] POST https://github.com/login/oauth/access_token [none]
[debug] [2025-04-29T04:22:40.613Z] >>> [apiv2][body] POST https://github.com/login/oauth/access_token [stream]
[debug] [2025-04-29T04:22:40.965Z] <<< [apiv2][status] POST https://github.com/login/oauth/access_token 200
[debug] [2025-04-29T04:22:40.965Z] <<< [apiv2][body] POST https://github.com/login/oauth/access_token {"access_token":"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","token_type":"bearer","scope":"read:user,repo"}
[debug] [2025-04-29T04:22:40.972Z] >>> [apiv2][query] GET https://api.github.com/user [none]
[debug] [2025-04-29T04:22:41.339Z] <<< [apiv2][status] GET https://api.github.com/user 200
[debug] [2025-04-29T04:22:41.339Z] <<< [apiv2][body] GET https://api.github.com/user {"login":"jghpark","id":64119186,"node_id":"MDQ6VXNlcjY0MTE5MTg2","avatar_url":"https://avatars.githubusercontent.com/u/64119186?v=4","gravatar_id":"","url":"https://api.github.com/users/jghpark","html_url":"https://github.com/jghpark","followers_url":"https://api.github.com/users/jghpark/followers","following_url":"https://api.github.com/users/jghpark/following{/other_user}","gists_url":"https://api.github.com/users/jghpark/gists{/gist_id}","starred_url":"https://api.github.com/users/jghpark/starred{/owner}{/repo}","subscriptions_url":"https://api.github.com/users/jghpark/subscriptions","organizations_url":"https://api.github.com/users/jghpark/orgs","repos_url":"https://api.github.com/users/jghpark/repos","events_url":"https://api.github.com/users/jghpark/events{/privacy}","received_events_url":"https://api.github.com/users/jghpark/received_events","type":"User","user_view_type":"private","site_admin":false,"name":"Jacob Park","company":null,"blog":"","location":null,"email":null,"hireable":null,"bio":null,"twitter_username":null,"notification_email":null,"public_repos":2,"public_gists":0,"followers":0,"following":0,"created_at":"2020-04-22T03:44:38Z","updated_at":"2025-04-29T04:22:35Z","private_gists":0,"total_private_repos":0,"owned_private_repos":0,"disk_usage":91540,"collaborators":0,"two_factor_authentication":false,"plan":{"name":"free","space":976562499,"collaborators":0,"private_repos":10000}}
[info] 
[info] +  Success! Logged into GitHub as jghpark 
[info] 
